03-31 15:10:46 default      INFO     Using default name: User
03-31 15:10:46 default      INFO     Using custom age: 22
03-31 15:10:46 default      INFO     Using custom gender: f
03-31 15:10:46 default      DEBUG    gender set to: F
03-31 15:10:46 default      INFO     Custom occupation given: None
03-31 15:10:46 gen_log      INFO     Reading data_files/u.data and creating array of lines.
03-31 15:10:46 gen_log      INFO     Finished reading data_files/u.data
03-31 15:10:46 gen_log      INFO     Reading data_files/u.item and creating array of lines.
03-31 15:10:46 gen_log      INFO     Finished reading data_files/u.item
03-31 15:10:46 gen_log      INFO     Reading data_files/u.user and creating array of lines.
03-31 15:10:46 gen_log      INFO     Finished reading data_files/u.user
03-31 15:10:46 gen_log      DEBUG    Created thread: data_thread
03-31 15:10:46 gen_log      DEBUG    Created thread: item_thread
03-31 15:10:46 gen_log      DEBUG    Created thread: user_thread
03-31 15:10:46 gen_log      DEBUG    Starting thread: data_thread
03-31 15:10:46 u_data       INFO     Extracting <user_id> <item_id> <rating> <timestamp> from 100000 lines.
03-31 15:10:46 gen_log      DEBUG    Starting thread: item_thread
03-31 15:10:46 u_item       INFO     Extracting <movie_id>|<movie_title>|<release_date>|<video_release_date>|<IMDb_URL>|<movieGenres>... from 1682 lines
03-31 15:10:46 gen_log      DEBUG    Starting thread: user_thread
03-31 15:10:46 u_item       INFO     Finished extracting 1682 lines.
03-31 15:10:46 u_user       INFO     Extracting <user_id>|<age>|<gender>|<occupation>|<zipcode> from 943 lines.
03-31 15:10:46 u_user       INFO     Finished extracting 943 lines
03-31 15:10:47 u_data       INFO     Finished extracting 100000 lines of data
03-31 15:10:47 gen_log      INFO     Finished processing data files
03-31 15:10:47 default      INFO     5 similar users found
03-31 15:10:47 default      DEBUG    Getting movie ratings for user: 304
03-31 15:10:47 default      DEBUG    26 movie ratings found for user: 26
03-31 15:10:47 default      DEBUG    Creating list that can be sorted for user: 304
03-31 15:10:47 default      INFO     Determining top three favorite movies and top three least favorite films for user: 304
03-31 15:10:47 default      DEBUG    Getting movie ratings for user: 599
03-31 15:10:47 default      DEBUG    47 movie ratings found for user: 47
03-31 15:10:47 default      DEBUG    Creating list that can be sorted for user: 599
03-31 15:10:47 default      INFO     Determining top three favorite movies and top three least favorite films for user: 599
03-31 15:10:47 default      DEBUG    Getting movie ratings for user: 711
03-31 15:10:47 default      DEBUG    221 movie ratings found for user: 221
03-31 15:10:47 default      DEBUG    Creating list that can be sorted for user: 711
03-31 15:10:47 default      INFO     Determining top three favorite movies and top three least favorite films for user: 711
03-31 15:10:47 default      DEBUG    Getting movie ratings for user: 712
03-31 15:10:47 default      DEBUG    162 movie ratings found for user: 162
03-31 15:10:47 default      DEBUG    Creating list that can be sorted for user: 712
03-31 15:10:47 default      INFO     Determining top three favorite movies and top three least favorite films for user: 712
03-31 15:10:47 default      DEBUG    Getting movie ratings for user: 917
03-31 15:10:47 default      DEBUG    34 movie ratings found for user: 34
03-31 15:10:47 default      DEBUG    Creating list that can be sorted for user: 917
03-31 15:10:47 default      INFO     Determining top three favorite movies and top three least favorite films for user: 917
